<?xml version="1.0" encoding="UTF-8"?>
<!-- Generated by org.testng.reporters.JUnitReportReporter -->
<testsuite hostname="DESKTOP-FO2FTSO" failures="0" tests="1" name="scripts.GetOperation" time="2.539" errors="0" timestamp="2022-11-07T12:34:53 IST" skipped="0">
  <testcase classname="scripts.GetOperation" name="tc1" time="2.539"/>
  <system-out>
    <![CDATA[Get operation is successful]]>
  </system-out>
</testsuite> <!-- scripts.GetOperation -->
