<?xml version="1.0" encoding="UTF-8"?>
<!-- Generated by org.testng.reporters.JUnitReportReporter -->
<testsuite hostname="DESKTOP-FO2FTSO" failures="0" tests="1" name="scripts.PostOperation" time="4.394" errors="0" timestamp="2022-11-07T12:34:53 IST" skipped="0">
  <testcase classname="scripts.PostOperation" name="tc2" time="4.394"/>
  <system-out>
    <![CDATA[post operation is successful :demo-repo-1002676340
patch operation is successful
delete operation is successful]]>
  </system-out>
</testsuite> <!-- scripts.PostOperation -->
